Apr 09, 2026 6:32:49 AM hrm.server.TransactionLogger log
INFO: Server started
Apr 09, 2026 6:32:49 AM hrm.server.TransactionLogger log
INFO: Heartbeat check successful
Apr 09, 2026 6:32:54 AM hrm.server.TransactionLogger log
INFO: Heartbeat check successful
Apr 09, 2026 6:32:59 AM hrm.server.TransactionLogger log
INFO: Client requested Light ON
Apr 09, 2026 6:32:59 AM hrm.server.TransactionLogger log
INFO: Client requested Fan OFF
Apr 09, 2026 6:32:59 AM hrm.server.TransactionLogger log
INFO: Heartbeat received from client
Apr 09, 2026 6:32:59 AM hrm.server.TransactionLogger log
INFO: Heartbeat check successful
Apr 09, 2026 6:33:04 AM hrm.server.TransactionLogger log
INFO: Heartbeat check successful
Apr 09, 2026 6:33:09 AM hrm.server.TransactionLogger log
INFO: Heartbeat check successful
Apr 09, 2026 6:33:14 AM hrm.server.TransactionLogger log
INFO: Heartbeat check successful
Apr 09, 2026 6:33:17 AM hrm.server.TransactionLogger log
INFO: Client requested Light ON
Apr 09, 2026 6:33:17 AM hrm.server.TransactionLogger log
INFO: Client requested Fan OFF
Apr 09, 2026 6:33:17 AM hrm.server.TransactionLogger log
INFO: Heartbeat received from client
Apr 09, 2026 6:33:19 AM hrm.server.TransactionLogger log
INFO: Heartbeat check successful
Apr 09, 2026 6:33:24 AM hrm.server.TransactionLogger log
INFO: Heartbeat check successful
Apr 09, 2026 6:33:29 AM hrm.server.TransactionLogger log
INFO: Heartbeat check successful
Apr 09, 2026 6:33:34 AM hrm.server.TransactionLogger log
INFO: Heartbeat check successful
Apr 09, 2026 6:33:39 AM hrm.server.TransactionLogger log
INFO: Heartbeat check successful
Apr 09, 2026 6:33:44 AM hrm.server.TransactionLogger log
INFO: Heartbeat check successful
Apr 09, 2026 6:33:49 AM hrm.server.TransactionLogger log
INFO: Heartbeat check successful
Apr 09, 2026 6:33:54 AM hrm.server.TransactionLogger log
INFO: Heartbeat check successful
Apr 09, 2026 6:33:59 AM hrm.server.TransactionLogger log
INFO: Heartbeat check successful
Apr 09, 2026 6:34:04 AM hrm.server.TransactionLogger log
INFO: Heartbeat check successful
Apr 09, 2026 6:34:09 AM hrm.server.TransactionLogger log
INFO: Heartbeat check successful
Apr 09, 2026 6:34:14 AM hrm.server.TransactionLogger log
INFO: Heartbeat check successful
Apr 09, 2026 6:34:19 AM hrm.server.TransactionLogger log
INFO: Heartbeat check successful
Apr 09, 2026 6:34:24 AM hrm.server.TransactionLogger log
INFO: Heartbeat check successful
Apr 09, 2026 6:34:29 AM hrm.server.TransactionLogger log
INFO: Heartbeat check successful
Apr 09, 2026 6:34:34 AM hrm.server.TransactionLogger log
INFO: Heartbeat check successful
Apr 09, 2026 6:34:39 AM hrm.server.TransactionLogger log
INFO: Heartbeat check successful
Apr 09, 2026 6:34:44 AM hrm.server.TransactionLogger log
INFO: Heartbeat check successful
Apr 09, 2026 6:34:49 AM hrm.server.TransactionLogger log
INFO: Heartbeat check successful
Apr 09, 2026 6:34:54 AM hrm.server.TransactionLogger log
INFO: Heartbeat check successful
Apr 09, 2026 6:34:59 AM hrm.server.TransactionLogger log
INFO: Heartbeat check successful
Apr 09, 2026 6:35:04 AM hrm.server.TransactionLogger log
INFO: Heartbeat check successful
Apr 09, 2026 6:35:09 AM hrm.server.TransactionLogger log
INFO: Heartbeat check successful
Apr 09, 2026 6:35:14 AM hrm.server.TransactionLogger log
INFO: Heartbeat check successful
Apr 09, 2026 6:35:19 AM hrm.server.TransactionLogger log
INFO: Heartbeat check successful
Apr 09, 2026 6:35:24 AM hrm.server.TransactionLogger log
INFO: Heartbeat check successful
Apr 09, 2026 6:35:29 AM hrm.server.TransactionLogger log
INFO: Heartbeat check successful
Apr 09, 2026 6:35:34 AM hrm.server.TransactionLogger log
INFO: Heartbeat check successful
Apr 09, 2026 6:35:39 AM hrm.server.TransactionLogger log
INFO: Heartbeat check successful
Apr 09, 2026 6:35:44 AM hrm.server.TransactionLogger log
INFO: Heartbeat check successful
Apr 09, 2026 6:35:49 AM hrm.server.TransactionLogger log
INFO: Heartbeat check successful
Apr 09, 2026 6:35:54 AM hrm.server.TransactionLogger log
INFO: Heartbeat check successful
Apr 09, 2026 6:35:59 AM hrm.server.TransactionLogger log
INFO: Heartbeat check successful
Apr 09, 2026 6:36:04 AM hrm.server.TransactionLogger log
INFO: Heartbeat check successful
Apr 09, 2026 6:36:09 AM hrm.server.TransactionLogger log
INFO: Heartbeat check successful
Apr 09, 2026 6:36:14 AM hrm.server.TransactionLogger log
INFO: Heartbeat check successful
Apr 09, 2026 6:36:19 AM hrm.server.TransactionLogger log
INFO: Heartbeat check successful
Apr 09, 2026 6:36:24 AM hrm.server.TransactionLogger log
INFO: Heartbeat check successful
Apr 09, 2026 6:36:29 AM hrm.server.TransactionLogger log
INFO: Heartbeat check successful
Apr 09, 2026 6:36:34 AM hrm.server.TransactionLogger log
INFO: Heartbeat check successful
Apr 09, 2026 6:36:39 AM hrm.server.TransactionLogger log
INFO: Heartbeat check successful
Apr 09, 2026 6:36:44 AM hrm.server.TransactionLogger log
INFO: Heartbeat check successful
Apr 09, 2026 6:36:49 AM hrm.server.TransactionLogger log
INFO: Heartbeat check successful
Apr 09, 2026 6:36:54 AM hrm.server.TransactionLogger log
INFO: Heartbeat check successful
Apr 09, 2026 6:36:59 AM hrm.server.TransactionLogger log
INFO: Heartbeat check successful
Apr 09, 2026 6:37:04 AM hrm.server.TransactionLogger log
INFO: Heartbeat check successful
Apr 09, 2026 6:37:09 AM hrm.server.TransactionLogger log
INFO: Heartbeat check successful
Apr 09, 2026 6:37:14 AM hrm.server.TransactionLogger log
INFO: Heartbeat check successful
Apr 09, 2026 6:37:19 AM hrm.server.TransactionLogger log
INFO: Heartbeat check successful
Apr 09, 2026 6:37:24 AM hrm.server.TransactionLogger log
INFO: Heartbeat check successful
Apr 09, 2026 6:37:29 AM hrm.server.TransactionLogger log
INFO: Heartbeat check successful
Apr 09, 2026 6:37:34 AM hrm.server.TransactionLogger log
INFO: Heartbeat check successful
Apr 09, 2026 6:37:39 AM hrm.server.TransactionLogger log
INFO: Heartbeat check successful
Apr 09, 2026 6:37:44 AM hrm.server.TransactionLogger log
INFO: Heartbeat check successful
Apr 09, 2026 6:37:49 AM hrm.server.TransactionLogger log
INFO: Heartbeat check successful
Apr 09, 2026 6:37:54 AM hrm.server.TransactionLogger log
INFO: Heartbeat check successful
Apr 09, 2026 6:37:59 AM hrm.server.TransactionLogger log
INFO: Heartbeat check successful
Apr 09, 2026 6:38:04 AM hrm.server.TransactionLogger log
INFO: Heartbeat check successful
Apr 09, 2026 6:38:09 AM hrm.server.TransactionLogger log
INFO: Heartbeat check successful
Apr 09, 2026 6:38:14 AM hrm.server.TransactionLogger log
INFO: Heartbeat check successful
Apr 09, 2026 6:38:19 AM hrm.server.TransactionLogger log
INFO: Heartbeat check successful
Apr 09, 2026 6:38:24 AM hrm.server.TransactionLogger log
INFO: Heartbeat check successful
Apr 09, 2026 6:38:29 AM hrm.server.TransactionLogger log
INFO: Heartbeat check successful
Apr 09, 2026 6:38:34 AM hrm.server.TransactionLogger log
INFO: Heartbeat check successful
Apr 09, 2026 6:38:39 AM hrm.server.TransactionLogger log
INFO: Heartbeat check successful
Apr 09, 2026 6:38:44 AM hrm.server.TransactionLogger log
INFO: Heartbeat check successful
Apr 09, 2026 6:38:49 AM hrm.server.TransactionLogger log
INFO: Heartbeat check successful
Apr 09, 2026 6:38:54 AM hrm.server.TransactionLogger log
INFO: Heartbeat check successful
Apr 09, 2026 6:38:59 AM hrm.server.TransactionLogger log
INFO: Heartbeat check successful
Apr 09, 2026 6:39:04 AM hrm.server.TransactionLogger log
INFO: Heartbeat check successful
Apr 09, 2026 6:39:09 AM hrm.server.TransactionLogger log
INFO: Heartbeat check successful
Apr 09, 2026 6:39:14 AM hrm.server.TransactionLogger log
INFO: Heartbeat check successful
Apr 09, 2026 6:39:19 AM hrm.server.TransactionLogger log
INFO: Heartbeat check successful
Apr 09, 2026 6:39:24 AM hrm.server.TransactionLogger log
INFO: Heartbeat check successful
Apr 09, 2026 6:39:29 AM hrm.server.TransactionLogger log
INFO: Heartbeat check successful
Apr 09, 2026 6:39:34 AM hrm.server.TransactionLogger log
INFO: Heartbeat check successful
Apr 09, 2026 6:39:39 AM hrm.server.TransactionLogger log
INFO: Heartbeat check successful
Apr 09, 2026 6:39:44 AM hrm.server.TransactionLogger log
INFO: Heartbeat check successful
Apr 09, 2026 6:39:49 AM hrm.server.TransactionLogger log
INFO: Heartbeat check successful
Apr 09, 2026 6:39:54 AM hrm.server.TransactionLogger log
INFO: Heartbeat check successful
Apr 09, 2026 6:39:59 AM hrm.server.TransactionLogger log
INFO: Heartbeat check successful
Apr 09, 2026 6:40:04 AM hrm.server.TransactionLogger log
INFO: Heartbeat check successful
Apr 09, 2026 6:40:09 AM hrm.server.TransactionLogger log
INFO: Heartbeat check successful
Apr 09, 2026 6:40:14 AM hrm.server.TransactionLogger log
INFO: Heartbeat check successful
Apr 09, 2026 6:40:19 AM hrm.server.TransactionLogger log
INFO: Heartbeat check successful
Apr 09, 2026 6:40:24 AM hrm.server.TransactionLogger log
INFO: Heartbeat check successful
Apr 09, 2026 6:40:29 AM hrm.server.TransactionLogger log
INFO: Heartbeat check successful
Apr 09, 2026 6:40:34 AM hrm.server.TransactionLogger log
INFO: Heartbeat check successful
Apr 09, 2026 6:40:39 AM hrm.server.TransactionLogger log
INFO: Heartbeat check successful
Apr 09, 2026 6:40:44 AM hrm.server.TransactionLogger log
INFO: Heartbeat check successful
Apr 09, 2026 6:40:49 AM hrm.server.TransactionLogger log
INFO: Heartbeat check successful
Apr 09, 2026 6:40:54 AM hrm.server.TransactionLogger log
INFO: Heartbeat check successful
Apr 09, 2026 6:40:59 AM hrm.server.TransactionLogger log
INFO: Heartbeat check successful
Apr 09, 2026 6:41:04 AM hrm.server.TransactionLogger log
INFO: Heartbeat check successful
Apr 09, 2026 6:41:09 AM hrm.server.TransactionLogger log
INFO: Heartbeat check successful
Apr 09, 2026 6:41:14 AM hrm.server.TransactionLogger log
INFO: Heartbeat check successful
Apr 09, 2026 6:41:19 AM hrm.server.TransactionLogger log
INFO: Heartbeat check successful
Apr 09, 2026 6:41:24 AM hrm.server.TransactionLogger log
INFO: Heartbeat check successful
Apr 09, 2026 6:41:29 AM hrm.server.TransactionLogger log
INFO: Heartbeat check successful
Apr 09, 2026 6:41:34 AM hrm.server.TransactionLogger log
INFO: Heartbeat check successful
Apr 09, 2026 6:41:39 AM hrm.server.TransactionLogger log
INFO: Heartbeat check successful
Apr 09, 2026 6:41:44 AM hrm.server.TransactionLogger log
INFO: Heartbeat check successful
Apr 09, 2026 6:41:49 AM hrm.server.TransactionLogger log
INFO: Heartbeat check successful
Apr 09, 2026 6:41:54 AM hrm.server.TransactionLogger log
INFO: Heartbeat check successful
Apr 09, 2026 6:41:59 AM hrm.server.TransactionLogger log
INFO: Heartbeat check successful
Apr 09, 2026 6:42:04 AM hrm.server.TransactionLogger log
INFO: Heartbeat check successful
Apr 09, 2026 6:42:09 AM hrm.server.TransactionLogger log
INFO: Heartbeat check successful
Apr 09, 2026 6:42:14 AM hrm.server.TransactionLogger log
INFO: Heartbeat check successful
Apr 09, 2026 6:42:19 AM hrm.server.TransactionLogger log
INFO: Heartbeat check successful
Apr 09, 2026 6:42:24 AM hrm.server.TransactionLogger log
INFO: Heartbeat check successful
Apr 09, 2026 6:42:29 AM hrm.server.TransactionLogger log
INFO: Heartbeat check successful
Apr 09, 2026 6:42:34 AM hrm.server.TransactionLogger log
INFO: Heartbeat check successful
Apr 09, 2026 6:42:39 AM hrm.server.TransactionLogger log
INFO: Heartbeat check successful
Apr 09, 2026 6:42:44 AM hrm.server.TransactionLogger log
INFO: Heartbeat check successful
Apr 09, 2026 6:42:49 AM hrm.server.TransactionLogger log
INFO: Heartbeat check successful
Apr 09, 2026 6:42:54 AM hrm.server.TransactionLogger log
INFO: Heartbeat check successful
Apr 09, 2026 6:42:59 AM hrm.server.TransactionLogger log
INFO: Heartbeat check successful
Apr 09, 2026 6:43:04 AM hrm.server.TransactionLogger log
INFO: Heartbeat check successful
Apr 09, 2026 6:43:09 AM hrm.server.TransactionLogger log
INFO: Heartbeat check successful
Apr 09, 2026 6:43:14 AM hrm.server.TransactionLogger log
INFO: Heartbeat check successful
Apr 09, 2026 6:43:19 AM hrm.server.TransactionLogger log
INFO: Heartbeat check successful
Apr 09, 2026 6:43:24 AM hrm.server.TransactionLogger log
INFO: Heartbeat check successful
Apr 09, 2026 6:43:29 AM hrm.server.TransactionLogger log
INFO: Heartbeat check successful
Apr 09, 2026 6:43:34 AM hrm.server.TransactionLogger log
INFO: Heartbeat check successful
Apr 09, 2026 6:43:39 AM hrm.server.TransactionLogger log
INFO: Heartbeat check successful
Apr 09, 2026 6:43:44 AM hrm.server.TransactionLogger log
INFO: Heartbeat check successful
Apr 09, 2026 6:43:49 AM hrm.server.TransactionLogger log
INFO: Heartbeat check successful
Apr 09, 2026 6:43:54 AM hrm.server.TransactionLogger log
INFO: Heartbeat check successful
Apr 09, 2026 6:43:59 AM hrm.server.TransactionLogger log
INFO: Heartbeat check successful
Apr 09, 2026 6:44:04 AM hrm.server.TransactionLogger log
INFO: Heartbeat check successful
Apr 09, 2026 6:44:09 AM hrm.server.TransactionLogger log
INFO: Heartbeat check successful
Apr 09, 2026 6:44:14 AM hrm.server.TransactionLogger log
INFO: Heartbeat check successful
Apr 09, 2026 6:44:19 AM hrm.server.TransactionLogger log
INFO: Heartbeat check successful
Apr 09, 2026 6:44:24 AM hrm.server.TransactionLogger log
INFO: Heartbeat check successful
Apr 09, 2026 6:44:29 AM hrm.server.TransactionLogger log
INFO: Heartbeat check successful
Apr 09, 2026 6:44:34 AM hrm.server.TransactionLogger log
INFO: Heartbeat check successful
Apr 09, 2026 6:44:39 AM hrm.server.TransactionLogger log
INFO: Heartbeat check successful
Apr 09, 2026 6:44:44 AM hrm.server.TransactionLogger log
INFO: Heartbeat check successful
Apr 09, 2026 6:44:49 AM hrm.server.TransactionLogger log
INFO: Heartbeat check successful
Apr 09, 2026 6:44:54 AM hrm.server.TransactionLogger log
INFO: Heartbeat check successful
Apr 09, 2026 6:44:59 AM hrm.server.TransactionLogger log
INFO: Heartbeat check successful
Apr 09, 2026 6:45:04 AM hrm.server.TransactionLogger log
INFO: Heartbeat check successful
Apr 09, 2026 6:45:09 AM hrm.server.TransactionLogger log
INFO: Heartbeat check successful
Apr 09, 2026 6:45:14 AM hrm.server.TransactionLogger log
INFO: Heartbeat check successful
Apr 09, 2026 6:45:19 AM hrm.server.TransactionLogger log
INFO: Heartbeat check successful
Apr 09, 2026 6:45:24 AM hrm.server.TransactionLogger log
INFO: Heartbeat check successful
Apr 09, 2026 6:45:29 AM hrm.server.TransactionLogger log
INFO: Heartbeat check successful
Apr 09, 2026 6:45:34 AM hrm.server.TransactionLogger log
INFO: Heartbeat check successful
Apr 09, 2026 6:45:39 AM hrm.server.TransactionLogger log
INFO: Heartbeat check successful
Apr 09, 2026 6:45:44 AM hrm.server.TransactionLogger log
INFO: Heartbeat check successful
Apr 09, 2026 6:45:49 AM hrm.server.TransactionLogger log
INFO: Heartbeat check successful
Apr 09, 2026 6:45:54 AM hrm.server.TransactionLogger log
INFO: Heartbeat check successful
Apr 09, 2026 6:45:59 AM hrm.server.TransactionLogger log
INFO: Heartbeat check successful
Apr 09, 2026 6:46:04 AM hrm.server.TransactionLogger log
INFO: Heartbeat check successful
Apr 09, 2026 6:46:09 AM hrm.server.TransactionLogger log
INFO: Heartbeat check successful
Apr 09, 2026 6:46:14 AM hrm.server.TransactionLogger log
INFO: Heartbeat check successful
Apr 09, 2026 6:46:19 AM hrm.server.TransactionLogger log
INFO: Heartbeat check successful
Apr 09, 2026 6:46:24 AM hrm.server.TransactionLogger log
INFO: Heartbeat check successful
Apr 09, 2026 6:46:29 AM hrm.server.TransactionLogger log
INFO: Heartbeat check successful
Apr 09, 2026 6:46:34 AM hrm.server.TransactionLogger log
INFO: Heartbeat check successful
Apr 09, 2026 6:46:39 AM hrm.server.TransactionLogger log
INFO: Heartbeat check successful
Apr 09, 2026 6:46:44 AM hrm.server.TransactionLogger log
INFO: Heartbeat check successful
Apr 09, 2026 6:46:49 AM hrm.server.TransactionLogger log
INFO: Heartbeat check successful
Apr 09, 2026 6:46:54 AM hrm.server.TransactionLogger log
INFO: Heartbeat check successful
Apr 09, 2026 6:46:59 AM hrm.server.TransactionLogger log
INFO: Heartbeat check successful
Apr 09, 2026 6:47:04 AM hrm.server.TransactionLogger log
INFO: Heartbeat check successful
Apr 09, 2026 6:47:09 AM hrm.server.TransactionLogger log
INFO: Heartbeat check successful
Apr 09, 2026 6:47:14 AM hrm.server.TransactionLogger log
INFO: Heartbeat check successful
Apr 09, 2026 6:47:19 AM hrm.server.TransactionLogger log
INFO: Heartbeat check successful
Apr 09, 2026 6:47:24 AM hrm.server.TransactionLogger log
INFO: Heartbeat check successful
Apr 09, 2026 6:47:29 AM hrm.server.TransactionLogger log
INFO: Heartbeat check successful
Apr 09, 2026 6:47:34 AM hrm.server.TransactionLogger log
INFO: Heartbeat check successful
Apr 09, 2026 6:47:39 AM hrm.server.TransactionLogger log
INFO: Heartbeat check successful
Apr 09, 2026 6:47:44 AM hrm.server.TransactionLogger log
INFO: Heartbeat check successful
Apr 09, 2026 6:47:49 AM hrm.server.TransactionLogger log
INFO: Heartbeat check successful
Apr 09, 2026 6:47:54 AM hrm.server.TransactionLogger log
INFO: Heartbeat check successful
Apr 09, 2026 6:47:59 AM hrm.server.TransactionLogger log
INFO: Heartbeat check successful
Apr 09, 2026 6:48:04 AM hrm.server.TransactionLogger log
INFO: Heartbeat check successful
Apr 09, 2026 6:48:09 AM hrm.server.TransactionLogger log
INFO: Heartbeat check successful
Apr 09, 2026 6:48:14 AM hrm.server.TransactionLogger log
INFO: Heartbeat check successful
Apr 09, 2026 6:48:19 AM hrm.server.TransactionLogger log
INFO: Heartbeat check successful
Apr 09, 2026 6:48:24 AM hrm.server.TransactionLogger log
INFO: Heartbeat check successful
Apr 09, 2026 6:48:29 AM hrm.server.TransactionLogger log
INFO: Heartbeat check successful
Apr 09, 2026 6:48:34 AM hrm.server.TransactionLogger log
INFO: Heartbeat check successful
Apr 09, 2026 6:48:39 AM hrm.server.TransactionLogger log
INFO: Heartbeat check successful
Apr 09, 2026 6:48:44 AM hrm.server.TransactionLogger log
INFO: Heartbeat check successful
Apr 09, 2026 6:48:49 AM hrm.server.TransactionLogger log
INFO: Heartbeat check successful
Apr 09, 2026 6:48:54 AM hrm.server.TransactionLogger log
INFO: Heartbeat check successful
Apr 09, 2026 6:48:59 AM hrm.server.TransactionLogger log
INFO: Heartbeat check successful
Apr 09, 2026 6:49:04 AM hrm.server.TransactionLogger log
INFO: Heartbeat check successful
Apr 09, 2026 6:49:09 AM hrm.server.TransactionLogger log
INFO: Heartbeat check successful
Apr 09, 2026 6:49:14 AM hrm.server.TransactionLogger log
INFO: Heartbeat check successful
Apr 09, 2026 6:49:19 AM hrm.server.TransactionLogger log
INFO: Heartbeat check successful
Apr 09, 2026 6:49:24 AM hrm.server.TransactionLogger log
INFO: Heartbeat check successful
Apr 09, 2026 6:49:29 AM hrm.server.TransactionLogger log
INFO: Heartbeat check successful
Apr 09, 2026 6:49:34 AM hrm.server.TransactionLogger log
INFO: Heartbeat check successful
Apr 09, 2026 6:49:39 AM hrm.server.TransactionLogger log
INFO: Heartbeat check successful
Apr 09, 2026 6:49:44 AM hrm.server.TransactionLogger log
INFO: Heartbeat check successful
Apr 09, 2026 6:49:49 AM hrm.server.TransactionLogger log
INFO: Heartbeat check successful
Apr 09, 2026 6:49:54 AM hrm.server.TransactionLogger log
INFO: Heartbeat check successful
Apr 09, 2026 6:49:59 AM hrm.server.TransactionLogger log
INFO: Heartbeat check successful
Apr 09, 2026 6:50:04 AM hrm.server.TransactionLogger log
INFO: Heartbeat check successful
Apr 09, 2026 6:50:09 AM hrm.server.TransactionLogger log
INFO: Heartbeat check successful
Apr 09, 2026 6:50:14 AM hrm.server.TransactionLogger log
INFO: Heartbeat check successful
Apr 09, 2026 6:50:19 AM hrm.server.TransactionLogger log
INFO: Heartbeat check successful
Apr 09, 2026 6:50:24 AM hrm.server.TransactionLogger log
INFO: Heartbeat check successful
Apr 09, 2026 6:50:29 AM hrm.server.TransactionLogger log
INFO: Heartbeat check successful
Apr 09, 2026 6:50:34 AM hrm.server.TransactionLogger log
INFO: Heartbeat check successful
Apr 09, 2026 6:50:39 AM hrm.server.TransactionLogger log
INFO: Heartbeat check successful
Apr 09, 2026 6:50:44 AM hrm.server.TransactionLogger log
INFO: Heartbeat check successful
Apr 09, 2026 6:50:49 AM hrm.server.TransactionLogger log
INFO: Heartbeat check successful
Apr 09, 2026 6:50:54 AM hrm.server.TransactionLogger log
INFO: Heartbeat check successful
Apr 09, 2026 6:50:59 AM hrm.server.TransactionLogger log
INFO: Heartbeat check successful
Apr 09, 2026 6:51:04 AM hrm.server.TransactionLogger log
INFO: Heartbeat check successful
Apr 09, 2026 6:51:09 AM hrm.server.TransactionLogger log
INFO: Heartbeat check successful
Apr 09, 2026 6:51:14 AM hrm.server.TransactionLogger log
INFO: Heartbeat check successful
Apr 09, 2026 6:51:19 AM hrm.server.TransactionLogger log
INFO: Heartbeat check successful
Apr 09, 2026 6:51:24 AM hrm.server.TransactionLogger log
INFO: Heartbeat check successful
Apr 09, 2026 6:51:29 AM hrm.server.TransactionLogger log
INFO: Heartbeat check successful
Apr 09, 2026 6:51:34 AM hrm.server.TransactionLogger log
INFO: Heartbeat check successful
Apr 09, 2026 6:51:39 AM hrm.server.TransactionLogger log
INFO: Heartbeat check successful
Apr 09, 2026 6:51:44 AM hrm.server.TransactionLogger log
INFO: Heartbeat check successful
Apr 09, 2026 6:51:49 AM hrm.server.TransactionLogger log
INFO: Heartbeat check successful
Apr 09, 2026 6:51:54 AM hrm.server.TransactionLogger log
INFO: Heartbeat check successful
Apr 09, 2026 6:51:59 AM hrm.server.TransactionLogger log
INFO: Heartbeat check successful
Apr 09, 2026 6:52:04 AM hrm.server.TransactionLogger log
INFO: Heartbeat check successful
Apr 09, 2026 6:52:09 AM hrm.server.TransactionLogger log
INFO: Heartbeat check successful
Apr 09, 2026 6:52:14 AM hrm.server.TransactionLogger log
INFO: Heartbeat check successful
Apr 09, 2026 6:52:19 AM hrm.server.TransactionLogger log
INFO: Heartbeat check successful
Apr 09, 2026 6:52:24 AM hrm.server.TransactionLogger log
INFO: Heartbeat check successful
Apr 09, 2026 6:52:29 AM hrm.server.TransactionLogger log
INFO: Heartbeat check successful
Apr 09, 2026 6:52:34 AM hrm.server.TransactionLogger log
INFO: Heartbeat check successful
Apr 09, 2026 6:52:39 AM hrm.server.TransactionLogger log
INFO: Heartbeat check successful
Apr 09, 2026 6:52:44 AM hrm.server.TransactionLogger log
INFO: Heartbeat check successful
Apr 09, 2026 6:52:49 AM hrm.server.TransactionLogger log
INFO: Heartbeat check successful
Apr 09, 2026 6:52:54 AM hrm.server.TransactionLogger log
INFO: Heartbeat check successful
Apr 09, 2026 6:52:59 AM hrm.server.TransactionLogger log
INFO: Heartbeat check successful
Apr 09, 2026 6:53:04 AM hrm.server.TransactionLogger log
INFO: Heartbeat check successful
Apr 09, 2026 6:53:09 AM hrm.server.TransactionLogger log
INFO: Heartbeat check successful
Apr 09, 2026 6:53:14 AM hrm.server.TransactionLogger log
INFO: Heartbeat check successful
Apr 09, 2026 6:53:19 AM hrm.server.TransactionLogger log
INFO: Heartbeat check successful
Apr 09, 2026 6:53:24 AM hrm.server.TransactionLogger log
INFO: Heartbeat check successful
Apr 09, 2026 6:53:29 AM hrm.server.TransactionLogger log
INFO: Heartbeat check successful
Apr 09, 2026 6:53:34 AM hrm.server.TransactionLogger log
INFO: Heartbeat check successful
Apr 09, 2026 6:53:39 AM hrm.server.TransactionLogger log
INFO: Heartbeat check successful
Apr 09, 2026 6:53:44 AM hrm.server.TransactionLogger log
INFO: Heartbeat check successful
Apr 09, 2026 6:53:49 AM hrm.server.TransactionLogger log
INFO: Heartbeat check successful
Apr 09, 2026 6:53:54 AM hrm.server.TransactionLogger log
INFO: Heartbeat check successful
Apr 09, 2026 6:53:59 AM hrm.server.TransactionLogger log
INFO: Heartbeat check successful
Apr 09, 2026 6:54:04 AM hrm.server.TransactionLogger log
INFO: Heartbeat check successful
Apr 09, 2026 6:54:09 AM hrm.server.TransactionLogger log
INFO: Heartbeat check successful
Apr 09, 2026 6:54:14 AM hrm.server.TransactionLogger log
INFO: Heartbeat check successful
Apr 09, 2026 6:54:19 AM hrm.server.TransactionLogger log
INFO: Heartbeat check successful
Apr 09, 2026 6:54:24 AM hrm.server.TransactionLogger log
INFO: Heartbeat check successful
Apr 09, 2026 6:54:29 AM hrm.server.TransactionLogger log
INFO: Heartbeat check successful
Apr 09, 2026 6:54:34 AM hrm.server.TransactionLogger log
INFO: Heartbeat check successful
Apr 09, 2026 6:54:39 AM hrm.server.TransactionLogger log
INFO: Heartbeat check successful
Apr 09, 2026 6:54:44 AM hrm.server.TransactionLogger log
INFO: Heartbeat check successful
Apr 09, 2026 6:54:49 AM hrm.server.TransactionLogger log
INFO: Heartbeat check successful
Apr 09, 2026 6:54:54 AM hrm.server.TransactionLogger log
INFO: Heartbeat check successful
Apr 09, 2026 6:54:59 AM hrm.server.TransactionLogger log
INFO: Heartbeat check successful
Apr 09, 2026 6:55:04 AM hrm.server.TransactionLogger log
INFO: Heartbeat check successful
Apr 09, 2026 6:55:09 AM hrm.server.TransactionLogger log
INFO: Heartbeat check successful
Apr 09, 2026 6:55:14 AM hrm.server.TransactionLogger log
INFO: Heartbeat check successful
Apr 09, 2026 6:55:19 AM hrm.server.TransactionLogger log
INFO: Heartbeat check successful
Apr 09, 2026 6:55:24 AM hrm.server.TransactionLogger log
INFO: Heartbeat check successful
Apr 09, 2026 6:55:29 AM hrm.server.TransactionLogger log
INFO: Heartbeat check successful
Apr 09, 2026 6:55:34 AM hrm.server.TransactionLogger log
INFO: Heartbeat check successful
Apr 09, 2026 6:55:39 AM hrm.server.TransactionLogger log
INFO: Heartbeat check successful
Apr 09, 2026 6:55:44 AM hrm.server.TransactionLogger log
INFO: Heartbeat check successful
Apr 09, 2026 6:55:49 AM hrm.server.TransactionLogger log
INFO: Heartbeat check successful
Apr 09, 2026 6:55:54 AM hrm.server.TransactionLogger log
INFO: Heartbeat check successful
Apr 09, 2026 6:55:59 AM hrm.server.TransactionLogger log
INFO: Heartbeat check successful
Apr 09, 2026 6:56:04 AM hrm.server.TransactionLogger log
INFO: Heartbeat check successful
Apr 09, 2026 6:56:09 AM hrm.server.TransactionLogger log
INFO: Heartbeat check successful
Apr 09, 2026 6:56:14 AM hrm.server.TransactionLogger log
INFO: Heartbeat check successful
Apr 09, 2026 6:56:19 AM hrm.server.TransactionLogger log
INFO: Heartbeat check successful
Apr 09, 2026 6:56:24 AM hrm.server.TransactionLogger log
INFO: Heartbeat check successful
Apr 09, 2026 6:56:29 AM hrm.server.TransactionLogger log
INFO: Heartbeat check successful
Apr 09, 2026 6:56:34 AM hrm.server.TransactionLogger log
INFO: Heartbeat check successful
Apr 09, 2026 6:56:39 AM hrm.server.TransactionLogger log
INFO: Heartbeat check successful
Apr 09, 2026 6:56:44 AM hrm.server.TransactionLogger log
INFO: Heartbeat check successful
Apr 09, 2026 6:56:49 AM hrm.server.TransactionLogger log
INFO: Heartbeat check successful
Apr 09, 2026 6:56:54 AM hrm.server.TransactionLogger log
INFO: Heartbeat check successful
Apr 09, 2026 6:56:59 AM hrm.server.TransactionLogger log
INFO: Heartbeat check successful
Apr 09, 2026 6:57:04 AM hrm.server.TransactionLogger log
INFO: Heartbeat check successful
Apr 09, 2026 6:57:09 AM hrm.server.TransactionLogger log
INFO: Heartbeat check successful
Apr 09, 2026 6:57:14 AM hrm.server.TransactionLogger log
INFO: Heartbeat check successful
Apr 09, 2026 6:57:19 AM hrm.server.TransactionLogger log
INFO: Heartbeat check successful
Apr 09, 2026 6:57:24 AM hrm.server.TransactionLogger log
INFO: Heartbeat check successful
Apr 09, 2026 6:57:29 AM hrm.server.TransactionLogger log
INFO: Heartbeat check successful
Apr 09, 2026 6:57:34 AM hrm.server.TransactionLogger log
INFO: Heartbeat check successful
Apr 09, 2026 6:57:39 AM hrm.server.TransactionLogger log
INFO: Heartbeat check successful
Apr 09, 2026 6:57:44 AM hrm.server.TransactionLogger log
INFO: Heartbeat check successful
Apr 09, 2026 6:57:49 AM hrm.server.TransactionLogger log
INFO: Heartbeat check successful
Apr 09, 2026 6:57:54 AM hrm.server.TransactionLogger log
INFO: Heartbeat check successful
Apr 09, 2026 6:57:59 AM hrm.server.TransactionLogger log
INFO: Heartbeat check successful
Apr 09, 2026 6:58:04 AM hrm.server.TransactionLogger log
INFO: Heartbeat check successful
Apr 09, 2026 6:58:09 AM hrm.server.TransactionLogger log
INFO: Heartbeat check successful
Apr 09, 2026 6:58:14 AM hrm.server.TransactionLogger log
INFO: Heartbeat check successful
Apr 09, 2026 6:58:19 AM hrm.server.TransactionLogger log
INFO: Heartbeat check successful
Apr 09, 2026 6:58:24 AM hrm.server.TransactionLogger log
INFO: Heartbeat check successful
Apr 09, 2026 6:58:29 AM hrm.server.TransactionLogger log
INFO: Heartbeat check successful
Apr 09, 2026 6:58:34 AM hrm.server.TransactionLogger log
INFO: Heartbeat check successful
Apr 09, 2026 6:58:39 AM hrm.server.TransactionLogger log
INFO: Heartbeat check successful
Apr 09, 2026 6:58:44 AM hrm.server.TransactionLogger log
INFO: Heartbeat check successful
Apr 09, 2026 6:58:49 AM hrm.server.TransactionLogger log
INFO: Heartbeat check successful
Apr 09, 2026 6:58:54 AM hrm.server.TransactionLogger log
INFO: Heartbeat check successful
Apr 09, 2026 6:58:59 AM hrm.server.TransactionLogger log
INFO: Heartbeat check successful
Apr 09, 2026 6:59:04 AM hrm.server.TransactionLogger log
INFO: Heartbeat check successful
Apr 09, 2026 6:59:09 AM hrm.server.TransactionLogger log
INFO: Heartbeat check successful
Apr 09, 2026 6:59:14 AM hrm.server.TransactionLogger log
INFO: Heartbeat check successful
Apr 09, 2026 6:59:19 AM hrm.server.TransactionLogger log
INFO: Heartbeat check successful
Apr 09, 2026 6:59:24 AM hrm.server.TransactionLogger log
INFO: Heartbeat check successful
Apr 09, 2026 6:59:29 AM hrm.server.TransactionLogger log
INFO: Heartbeat check successful
Apr 09, 2026 6:59:34 AM hrm.server.TransactionLogger log
INFO: Heartbeat check successful
Apr 09, 2026 6:59:39 AM hrm.server.TransactionLogger log
INFO: Heartbeat check successful
Apr 09, 2026 6:59:44 AM hrm.server.TransactionLogger log
INFO: Heartbeat check successful
Apr 09, 2026 6:59:49 AM hrm.server.TransactionLogger log
INFO: Heartbeat check successful
Apr 09, 2026 6:59:54 AM hrm.server.TransactionLogger log
INFO: Heartbeat check successful
Apr 09, 2026 6:59:59 AM hrm.server.TransactionLogger log
INFO: Heartbeat check successful
Apr 09, 2026 7:00:04 AM hrm.server.TransactionLogger log
INFO: Heartbeat check successful
Apr 09, 2026 7:00:09 AM hrm.server.TransactionLogger log
INFO: Heartbeat check successful
Apr 09, 2026 7:00:14 AM hrm.server.TransactionLogger log
INFO: Heartbeat check successful
Apr 09, 2026 7:00:19 AM hrm.server.TransactionLogger log
INFO: Heartbeat check successful
Apr 09, 2026 7:00:24 AM hrm.server.TransactionLogger log
INFO: Heartbeat check successful
Apr 09, 2026 7:00:29 AM hrm.server.TransactionLogger log
INFO: Heartbeat check successful
Apr 09, 2026 7:00:34 AM hrm.server.TransactionLogger log
INFO: Heartbeat check successful
Apr 09, 2026 7:00:39 AM hrm.server.TransactionLogger log
INFO: Heartbeat check successful
Apr 09, 2026 7:00:44 AM hrm.server.TransactionLogger log
INFO: Heartbeat check successful
Apr 09, 2026 7:00:49 AM hrm.server.TransactionLogger log
INFO: Heartbeat check successful
Apr 09, 2026 7:00:54 AM hrm.server.TransactionLogger log
INFO: Heartbeat check successful
Apr 09, 2026 7:00:59 AM hrm.server.TransactionLogger log
INFO: Heartbeat check successful
Apr 09, 2026 7:01:04 AM hrm.server.TransactionLogger log
INFO: Heartbeat check successful
Apr 09, 2026 7:01:09 AM hrm.server.TransactionLogger log
INFO: Heartbeat check successful
Apr 09, 2026 7:01:14 AM hrm.server.TransactionLogger log
INFO: Heartbeat check successful
Apr 09, 2026 7:01:19 AM hrm.server.TransactionLogger log
INFO: Heartbeat check successful
Apr 09, 2026 7:01:24 AM hrm.server.TransactionLogger log
INFO: Heartbeat check successful
Apr 09, 2026 7:01:29 AM hrm.server.TransactionLogger log
INFO: Heartbeat check successful
Apr 09, 2026 7:01:34 AM hrm.server.TransactionLogger log
INFO: Heartbeat check successful
Apr 09, 2026 7:01:39 AM hrm.server.TransactionLogger log
INFO: Heartbeat check successful
Apr 09, 2026 7:01:44 AM hrm.server.TransactionLogger log
INFO: Heartbeat check successful
Apr 09, 2026 7:01:49 AM hrm.server.TransactionLogger log
INFO: Heartbeat check successful
Apr 09, 2026 7:01:54 AM hrm.server.TransactionLogger log
INFO: Heartbeat check successful
Apr 09, 2026 7:01:59 AM hrm.server.TransactionLogger log
INFO: Heartbeat check successful
Apr 09, 2026 7:02:04 AM hrm.server.TransactionLogger log
INFO: Heartbeat check successful
Apr 09, 2026 7:02:09 AM hrm.server.TransactionLogger log
INFO: Heartbeat check successful
Apr 09, 2026 7:02:14 AM hrm.server.TransactionLogger log
INFO: Heartbeat check successful
Apr 09, 2026 7:02:19 AM hrm.server.TransactionLogger log
INFO: Heartbeat check successful
Apr 09, 2026 7:02:24 AM hrm.server.TransactionLogger log
INFO: Heartbeat check successful
Apr 09, 2026 7:02:29 AM hrm.server.TransactionLogger log
INFO: Heartbeat check successful
Apr 09, 2026 7:02:34 AM hrm.server.TransactionLogger log
INFO: Heartbeat check successful
Apr 09, 2026 7:02:39 AM hrm.server.TransactionLogger log
INFO: Heartbeat check successful
Apr 09, 2026 7:02:44 AM hrm.server.TransactionLogger log
INFO: Heartbeat check successful
Apr 09, 2026 7:02:49 AM hrm.server.TransactionLogger log
INFO: Heartbeat check successful
Apr 09, 2026 7:02:54 AM hrm.server.TransactionLogger log
INFO: Heartbeat check successful
Apr 09, 2026 7:02:59 AM hrm.server.TransactionLogger log
INFO: Heartbeat check successful
Apr 09, 2026 7:03:04 AM hrm.server.TransactionLogger log
INFO: Heartbeat check successful
Apr 09, 2026 7:03:09 AM hrm.server.TransactionLogger log
INFO: Heartbeat check successful
Apr 09, 2026 7:03:14 AM hrm.server.TransactionLogger log
INFO: Heartbeat check successful
Apr 09, 2026 7:03:19 AM hrm.server.TransactionLogger log
INFO: Heartbeat check successful
Apr 09, 2026 7:03:24 AM hrm.server.TransactionLogger log
INFO: Heartbeat check successful
Apr 09, 2026 7:03:29 AM hrm.server.TransactionLogger log
INFO: Heartbeat check successful
Apr 09, 2026 7:03:34 AM hrm.server.TransactionLogger log
INFO: Heartbeat check successful
Apr 09, 2026 7:03:39 AM hrm.server.TransactionLogger log
INFO: Heartbeat check successful
Apr 09, 2026 7:03:44 AM hrm.server.TransactionLogger log
INFO: Heartbeat check successful
Apr 09, 2026 7:03:49 AM hrm.server.TransactionLogger log
INFO: Heartbeat check successful
Apr 09, 2026 7:03:54 AM hrm.server.TransactionLogger log
INFO: Heartbeat check successful
Apr 09, 2026 7:03:59 AM hrm.server.TransactionLogger log
INFO: Heartbeat check successful
Apr 09, 2026 7:04:04 AM hrm.server.TransactionLogger log
INFO: Heartbeat check successful
Apr 09, 2026 7:04:09 AM hrm.server.TransactionLogger log
INFO: Heartbeat check successful
Apr 09, 2026 7:04:14 AM hrm.server.TransactionLogger log
INFO: Heartbeat check successful
Apr 09, 2026 7:04:19 AM hrm.server.TransactionLogger log
INFO: Heartbeat check successful
Apr 09, 2026 7:04:24 AM hrm.server.TransactionLogger log
INFO: Heartbeat check successful
Apr 09, 2026 7:04:29 AM hrm.server.TransactionLogger log
INFO: Heartbeat check successful
Apr 09, 2026 7:04:34 AM hrm.server.TransactionLogger log
INFO: Heartbeat check successful
Apr 09, 2026 7:04:39 AM hrm.server.TransactionLogger log
INFO: Heartbeat check successful
Apr 09, 2026 7:04:44 AM hrm.server.TransactionLogger log
INFO: Heartbeat check successful
Apr 09, 2026 7:04:49 AM hrm.server.TransactionLogger log
INFO: Heartbeat check successful
Apr 09, 2026 7:04:54 AM hrm.server.TransactionLogger log
INFO: Heartbeat check successful
Apr 09, 2026 7:04:59 AM hrm.server.TransactionLogger log
INFO: Heartbeat check successful
Apr 09, 2026 7:05:04 AM hrm.server.TransactionLogger log
INFO: Heartbeat check successful
Apr 09, 2026 7:05:09 AM hrm.server.TransactionLogger log
INFO: Heartbeat check successful
Apr 09, 2026 7:05:14 AM hrm.server.TransactionLogger log
INFO: Heartbeat check successful
Apr 09, 2026 7:05:19 AM hrm.server.TransactionLogger log
INFO: Heartbeat check successful
Apr 09, 2026 7:05:24 AM hrm.server.TransactionLogger log
INFO: Heartbeat check successful
Apr 09, 2026 7:05:29 AM hrm.server.TransactionLogger log
INFO: Heartbeat check successful
Apr 09, 2026 7:05:34 AM hrm.server.TransactionLogger log
INFO: Heartbeat check successful
Apr 09, 2026 7:05:39 AM hrm.server.TransactionLogger log
INFO: Heartbeat check successful
Apr 09, 2026 7:05:44 AM hrm.server.TransactionLogger log
INFO: Heartbeat check successful
Apr 09, 2026 7:05:49 AM hrm.server.TransactionLogger log
INFO: Heartbeat check successful
Apr 09, 2026 7:05:54 AM hrm.server.TransactionLogger log
INFO: Heartbeat check successful
Apr 09, 2026 7:05:59 AM hrm.server.TransactionLogger log
INFO: Heartbeat check successful
Apr 09, 2026 7:06:04 AM hrm.server.TransactionLogger log
INFO: Heartbeat check successful
Apr 09, 2026 7:06:09 AM hrm.server.TransactionLogger log
INFO: Heartbeat check successful
Apr 09, 2026 7:06:14 AM hrm.server.TransactionLogger log
INFO: Heartbeat check successful
Apr 09, 2026 7:06:19 AM hrm.server.TransactionLogger log
INFO: Heartbeat check successful
Apr 09, 2026 7:06:24 AM hrm.server.TransactionLogger log
INFO: Heartbeat check successful
Apr 09, 2026 7:06:29 AM hrm.server.TransactionLogger log
INFO: Heartbeat check successful
Apr 09, 2026 7:06:34 AM hrm.server.TransactionLogger log
INFO: Heartbeat check successful
Apr 09, 2026 7:06:39 AM hrm.server.TransactionLogger log
INFO: Heartbeat check successful
Apr 09, 2026 7:06:44 AM hrm.server.TransactionLogger log
INFO: Heartbeat check successful
Apr 09, 2026 7:06:49 AM hrm.server.TransactionLogger log
INFO: Heartbeat check successful
Apr 09, 2026 7:06:54 AM hrm.server.TransactionLogger log
INFO: Heartbeat check successful
Apr 09, 2026 7:06:59 AM hrm.server.TransactionLogger log
INFO: Heartbeat check successful
Apr 09, 2026 7:07:04 AM hrm.server.TransactionLogger log
INFO: Heartbeat check successful
Apr 09, 2026 7:07:09 AM hrm.server.TransactionLogger log
INFO: Heartbeat check successful
Apr 09, 2026 7:07:14 AM hrm.server.TransactionLogger log
INFO: Heartbeat check successful
Apr 09, 2026 7:07:19 AM hrm.server.TransactionLogger log
INFO: Heartbeat check successful
Apr 09, 2026 7:07:24 AM hrm.server.TransactionLogger log
INFO: Heartbeat check successful
Apr 09, 2026 7:07:29 AM hrm.server.TransactionLogger log
INFO: Heartbeat check successful
Apr 09, 2026 7:07:34 AM hrm.server.TransactionLogger log
INFO: Heartbeat check successful
Apr 09, 2026 7:07:39 AM hrm.server.TransactionLogger log
INFO: Heartbeat check successful
Apr 09, 2026 7:07:44 AM hrm.server.TransactionLogger log
INFO: Heartbeat check successful
Apr 09, 2026 7:07:49 AM hrm.server.TransactionLogger log
INFO: Heartbeat check successful
Apr 09, 2026 7:07:54 AM hrm.server.TransactionLogger log
INFO: Heartbeat check successful
Apr 09, 2026 7:07:59 AM hrm.server.TransactionLogger log
INFO: Heartbeat check successful
Apr 09, 2026 7:08:04 AM hrm.server.TransactionLogger log
INFO: Heartbeat check successful
Apr 09, 2026 7:08:09 AM hrm.server.TransactionLogger log
INFO: Heartbeat check successful
Apr 09, 2026 7:08:14 AM hrm.server.TransactionLogger log
INFO: Heartbeat check successful
Apr 09, 2026 7:08:19 AM hrm.server.TransactionLogger log
INFO: Heartbeat check successful
Apr 09, 2026 7:08:24 AM hrm.server.TransactionLogger log
INFO: Heartbeat check successful
Apr 09, 2026 7:08:29 AM hrm.server.TransactionLogger log
INFO: Heartbeat check successful
Apr 09, 2026 7:08:34 AM hrm.server.TransactionLogger log
INFO: Heartbeat check successful
Apr 09, 2026 7:08:39 AM hrm.server.TransactionLogger log
INFO: Heartbeat check successful
Apr 09, 2026 7:08:44 AM hrm.server.TransactionLogger log
INFO: Heartbeat check successful
Apr 09, 2026 7:08:49 AM hrm.server.TransactionLogger log
INFO: Heartbeat check successful
Apr 09, 2026 7:08:54 AM hrm.server.TransactionLogger log
INFO: Heartbeat check successful
Apr 09, 2026 7:08:59 AM hrm.server.TransactionLogger log
INFO: Heartbeat check successful
Apr 09, 2026 7:09:04 AM hrm.server.TransactionLogger log
INFO: Heartbeat check successful
Apr 09, 2026 7:09:09 AM hrm.server.TransactionLogger log
INFO: Heartbeat check successful
Apr 09, 2026 7:09:14 AM hrm.server.TransactionLogger log
INFO: Heartbeat check successful
Apr 09, 2026 7:09:19 AM hrm.server.TransactionLogger log
INFO: Heartbeat check successful
Apr 09, 2026 7:09:24 AM hrm.server.TransactionLogger log
INFO: Heartbeat check successful
Apr 09, 2026 7:09:29 AM hrm.server.TransactionLogger log
INFO: Heartbeat check successful
Apr 09, 2026 7:09:34 AM hrm.server.TransactionLogger log
INFO: Heartbeat check successful
Apr 09, 2026 7:09:39 AM hrm.server.TransactionLogger log
INFO: Heartbeat check successful
Apr 09, 2026 7:09:44 AM hrm.server.TransactionLogger log
INFO: Heartbeat check successful
Apr 09, 2026 7:09:49 AM hrm.server.TransactionLogger log
INFO: Heartbeat check successful
Apr 09, 2026 7:09:54 AM hrm.server.TransactionLogger log
INFO: Heartbeat check successful
Apr 09, 2026 7:09:59 AM hrm.server.TransactionLogger log
INFO: Heartbeat check successful
Apr 09, 2026 7:10:04 AM hrm.server.TransactionLogger log
INFO: Heartbeat check successful
Apr 09, 2026 7:10:09 AM hrm.server.TransactionLogger log
INFO: Heartbeat check successful
Apr 09, 2026 7:10:14 AM hrm.server.TransactionLogger log
INFO: Heartbeat check successful
Apr 09, 2026 7:10:19 AM hrm.server.TransactionLogger log
INFO: Heartbeat check successful
Apr 09, 2026 7:10:24 AM hrm.server.TransactionLogger log
INFO: Heartbeat check successful
Apr 09, 2026 7:10:29 AM hrm.server.TransactionLogger log
INFO: Heartbeat check successful
Apr 09, 2026 7:10:34 AM hrm.server.TransactionLogger log
INFO: Heartbeat check successful
Apr 09, 2026 7:10:39 AM hrm.server.TransactionLogger log
INFO: Heartbeat check successful
Apr 09, 2026 7:10:44 AM hrm.server.TransactionLogger log
INFO: Heartbeat check successful
Apr 09, 2026 7:10:49 AM hrm.server.TransactionLogger log
INFO: Heartbeat check successful
Apr 09, 2026 7:10:54 AM hrm.server.TransactionLogger log
INFO: Heartbeat check successful
Apr 09, 2026 7:10:59 AM hrm.server.TransactionLogger log
INFO: Heartbeat check successful
Apr 09, 2026 7:11:04 AM hrm.server.TransactionLogger log
INFO: Heartbeat check successful
Apr 09, 2026 7:11:09 AM hrm.server.TransactionLogger log
INFO: Heartbeat check successful
Apr 09, 2026 7:11:14 AM hrm.server.TransactionLogger log
INFO: Heartbeat check successful
Apr 09, 2026 7:11:19 AM hrm.server.TransactionLogger log
INFO: Heartbeat check successful
Apr 09, 2026 7:11:24 AM hrm.server.TransactionLogger log
INFO: Heartbeat check successful
Apr 09, 2026 7:11:29 AM hrm.server.TransactionLogger log
INFO: Heartbeat check successful
Apr 09, 2026 7:11:34 AM hrm.server.TransactionLogger log
INFO: Heartbeat check successful
Apr 09, 2026 7:11:39 AM hrm.server.TransactionLogger log
INFO: Heartbeat check successful
Apr 09, 2026 7:11:44 AM hrm.server.TransactionLogger log
INFO: Heartbeat check successful
Apr 09, 2026 7:11:49 AM hrm.server.TransactionLogger log
INFO: Heartbeat check successful
Apr 09, 2026 7:11:54 AM hrm.server.TransactionLogger log
INFO: Heartbeat check successful
Apr 09, 2026 7:11:59 AM hrm.server.TransactionLogger log
INFO: Heartbeat check successful
Apr 09, 2026 7:12:04 AM hrm.server.TransactionLogger log
INFO: Heartbeat check successful
Apr 09, 2026 7:12:09 AM hrm.server.TransactionLogger log
INFO: Heartbeat check successful
Apr 09, 2026 7:12:14 AM hrm.server.TransactionLogger log
INFO: Heartbeat check successful
Apr 09, 2026 7:12:19 AM hrm.server.TransactionLogger log
INFO: Heartbeat check successful
Apr 09, 2026 7:12:24 AM hrm.server.TransactionLogger log
INFO: Heartbeat check successful
Apr 09, 2026 7:12:29 AM hrm.server.TransactionLogger log
INFO: Heartbeat check successful
Apr 09, 2026 7:12:34 AM hrm.server.TransactionLogger log
INFO: Heartbeat check successful
Apr 09, 2026 7:12:39 AM hrm.server.TransactionLogger log
INFO: Heartbeat check successful
Apr 09, 2026 7:12:44 AM hrm.server.TransactionLogger log
INFO: Heartbeat check successful
Apr 09, 2026 7:12:49 AM hrm.server.TransactionLogger log
INFO: Heartbeat check successful
Apr 09, 2026 7:12:54 AM hrm.server.TransactionLogger log
INFO: Heartbeat check successful
Apr 09, 2026 7:12:59 AM hrm.server.TransactionLogger log
INFO: Heartbeat check successful
Apr 09, 2026 7:13:04 AM hrm.server.TransactionLogger log
INFO: Heartbeat check successful
Apr 09, 2026 7:13:09 AM hrm.server.TransactionLogger log
INFO: Heartbeat check successful
Apr 09, 2026 7:13:14 AM hrm.server.TransactionLogger log
INFO: Heartbeat check successful
Apr 09, 2026 7:13:19 AM hrm.server.TransactionLogger log
INFO: Heartbeat check successful
Apr 09, 2026 7:13:24 AM hrm.server.TransactionLogger log
INFO: Heartbeat check successful
Apr 09, 2026 7:13:29 AM hrm.server.TransactionLogger log
INFO: Heartbeat check successful
Apr 09, 2026 7:13:34 AM hrm.server.TransactionLogger log
INFO: Heartbeat check successful
Apr 09, 2026 7:13:39 AM hrm.server.TransactionLogger log
INFO: Heartbeat check successful
Apr 09, 2026 7:13:44 AM hrm.server.TransactionLogger log
INFO: Heartbeat check successful
Apr 09, 2026 7:13:49 AM hrm.server.TransactionLogger log
INFO: Heartbeat check successful
Apr 09, 2026 7:13:54 AM hrm.server.TransactionLogger log
INFO: Heartbeat check successful
Apr 09, 2026 7:13:59 AM hrm.server.TransactionLogger log
INFO: Heartbeat check successful
Apr 09, 2026 7:14:04 AM hrm.server.TransactionLogger log
INFO: Heartbeat check successful
Apr 09, 2026 7:14:09 AM hrm.server.TransactionLogger log
INFO: Heartbeat check successful
Apr 09, 2026 7:14:14 AM hrm.server.TransactionLogger log
INFO: Heartbeat check successful
Apr 09, 2026 7:14:19 AM hrm.server.TransactionLogger log
INFO: Heartbeat check successful
Apr 09, 2026 7:14:24 AM hrm.server.TransactionLogger log
INFO: Heartbeat check successful
Apr 09, 2026 7:14:29 AM hrm.server.TransactionLogger log
INFO: Heartbeat check successful
Apr 09, 2026 7:14:34 AM hrm.server.TransactionLogger log
INFO: Heartbeat check successful
Apr 09, 2026 7:14:39 AM hrm.server.TransactionLogger log
INFO: Heartbeat check successful
Apr 09, 2026 7:14:44 AM hrm.server.TransactionLogger log
INFO: Heartbeat check successful
Apr 09, 2026 7:14:49 AM hrm.server.TransactionLogger log
INFO: Heartbeat check successful
Apr 09, 2026 7:14:54 AM hrm.server.TransactionLogger log
INFO: Heartbeat check successful
Apr 09, 2026 7:14:59 AM hrm.server.TransactionLogger log
INFO: Heartbeat check successful
Apr 09, 2026 7:15:04 AM hrm.server.TransactionLogger log
INFO: Heartbeat check successful
Apr 09, 2026 7:15:09 AM hrm.server.TransactionLogger log
INFO: Heartbeat check successful
Apr 09, 2026 7:15:14 AM hrm.server.TransactionLogger log
INFO: Heartbeat check successful
Apr 09, 2026 7:15:19 AM hrm.server.TransactionLogger log
INFO: Heartbeat check successful
Apr 09, 2026 7:15:24 AM hrm.server.TransactionLogger log
INFO: Heartbeat check successful
Apr 09, 2026 7:15:29 AM hrm.server.TransactionLogger log
INFO: Heartbeat check successful
Apr 09, 2026 7:15:34 AM hrm.server.TransactionLogger log
INFO: Heartbeat check successful
Apr 09, 2026 7:15:39 AM hrm.server.TransactionLogger log
INFO: Heartbeat check successful
Apr 09, 2026 7:15:44 AM hrm.server.TransactionLogger log
INFO: Heartbeat check successful
Apr 09, 2026 7:15:49 AM hrm.server.TransactionLogger log
INFO: Heartbeat check successful
Apr 09, 2026 7:15:54 AM hrm.server.TransactionLogger log
INFO: Heartbeat check successful
Apr 09, 2026 7:15:59 AM hrm.server.TransactionLogger log
INFO: Heartbeat check successful
Apr 09, 2026 7:16:04 AM hrm.server.TransactionLogger log
INFO: Heartbeat check successful
Apr 09, 2026 7:16:09 AM hrm.server.TransactionLogger log
INFO: Heartbeat check successful
Apr 09, 2026 7:16:14 AM hrm.server.TransactionLogger log
INFO: Heartbeat check successful
Apr 09, 2026 7:16:19 AM hrm.server.TransactionLogger log
INFO: Heartbeat check successful
Apr 09, 2026 7:16:24 AM hrm.server.TransactionLogger log
INFO: Heartbeat check successful
Apr 09, 2026 7:16:29 AM hrm.server.TransactionLogger log
INFO: Heartbeat check successful
Apr 09, 2026 7:16:34 AM hrm.server.TransactionLogger log
INFO: Heartbeat check successful
Apr 09, 2026 7:16:39 AM hrm.server.TransactionLogger log
INFO: Heartbeat check successful
Apr 09, 2026 7:16:44 AM hrm.server.TransactionLogger log
INFO: Heartbeat check successful
Apr 09, 2026 7:16:49 AM hrm.server.TransactionLogger log
INFO: Heartbeat check successful
Apr 09, 2026 7:16:54 AM hrm.server.TransactionLogger log
INFO: Heartbeat check successful
Apr 09, 2026 7:16:59 AM hrm.server.TransactionLogger log
INFO: Heartbeat check successful
Apr 09, 2026 7:17:04 AM hrm.server.TransactionLogger log
INFO: Heartbeat check successful
Apr 09, 2026 7:17:09 AM hrm.server.TransactionLogger log
INFO: Heartbeat check successful
Apr 09, 2026 7:17:14 AM hrm.server.TransactionLogger log
INFO: Heartbeat check successful
Apr 09, 2026 7:17:19 AM hrm.server.TransactionLogger log
INFO: Heartbeat check successful
Apr 09, 2026 7:17:24 AM hrm.server.TransactionLogger log
INFO: Heartbeat check successful
Apr 09, 2026 7:17:29 AM hrm.server.TransactionLogger log
INFO: Heartbeat check successful
Apr 09, 2026 7:17:34 AM hrm.server.TransactionLogger log
INFO: Heartbeat check successful
Apr 09, 2026 7:17:39 AM hrm.server.TransactionLogger log
INFO: Heartbeat check successful
Apr 09, 2026 7:17:44 AM hrm.server.TransactionLogger log
INFO: Heartbeat check successful
Apr 09, 2026 7:17:49 AM hrm.server.TransactionLogger log
INFO: Heartbeat check successful
Apr 09, 2026 7:17:54 AM hrm.server.TransactionLogger log
INFO: Heartbeat check successful
Apr 09, 2026 7:17:59 AM hrm.server.TransactionLogger log
INFO: Heartbeat check successful
Apr 09, 2026 7:18:04 AM hrm.server.TransactionLogger log
INFO: Heartbeat check successful
Apr 09, 2026 7:18:09 AM hrm.server.TransactionLogger log
INFO: Heartbeat check successful
Apr 09, 2026 7:18:14 AM hrm.server.TransactionLogger log
INFO: Heartbeat check successful
Apr 09, 2026 7:18:19 AM hrm.server.TransactionLogger log
INFO: Heartbeat check successful
Apr 09, 2026 7:18:24 AM hrm.server.TransactionLogger log
INFO: Heartbeat check successful
Apr 09, 2026 7:18:29 AM hrm.server.TransactionLogger log
INFO: Heartbeat check successful
Apr 09, 2026 7:18:34 AM hrm.server.TransactionLogger log
INFO: Heartbeat check successful
Apr 09, 2026 7:18:39 AM hrm.server.TransactionLogger log
INFO: Heartbeat check successful
Apr 09, 2026 7:18:44 AM hrm.server.TransactionLogger log
INFO: Heartbeat check successful
Apr 09, 2026 7:18:49 AM hrm.server.TransactionLogger log
INFO: Heartbeat check successful
Apr 09, 2026 7:18:54 AM hrm.server.TransactionLogger log
INFO: Heartbeat check successful
Apr 09, 2026 7:18:59 AM hrm.server.TransactionLogger log
INFO: Heartbeat check successful
Apr 09, 2026 7:19:04 AM hrm.server.TransactionLogger log
INFO: Heartbeat check successful
Apr 09, 2026 7:19:09 AM hrm.server.TransactionLogger log
INFO: Heartbeat check successful
Apr 09, 2026 7:19:14 AM hrm.server.TransactionLogger log
INFO: Heartbeat check successful
Apr 09, 2026 7:19:19 AM hrm.server.TransactionLogger log
INFO: Heartbeat check successful
Apr 09, 2026 7:19:24 AM hrm.server.TransactionLogger log
INFO: Heartbeat check successful
Apr 09, 2026 7:19:29 AM hrm.server.TransactionLogger log
INFO: Heartbeat check successful
Apr 09, 2026 7:19:34 AM hrm.server.TransactionLogger log
INFO: Heartbeat check successful
Apr 09, 2026 7:19:39 AM hrm.server.TransactionLogger log
INFO: Heartbeat check successful
Apr 09, 2026 7:19:44 AM hrm.server.TransactionLogger log
INFO: Heartbeat check successful
Apr 09, 2026 7:19:49 AM hrm.server.TransactionLogger log
INFO: Heartbeat check successful
Apr 09, 2026 7:19:54 AM hrm.server.TransactionLogger log
INFO: Heartbeat check successful
Apr 09, 2026 7:19:59 AM hrm.server.TransactionLogger log
INFO: Heartbeat check successful
Apr 09, 2026 7:20:04 AM hrm.server.TransactionLogger log
INFO: Heartbeat check successful
Apr 09, 2026 7:20:09 AM hrm.server.TransactionLogger log
INFO: Heartbeat check successful
Apr 09, 2026 7:20:14 AM hrm.server.TransactionLogger log
INFO: Heartbeat check successful
Apr 09, 2026 7:20:19 AM hrm.server.TransactionLogger log
INFO: Heartbeat check successful
Apr 09, 2026 7:20:24 AM hrm.server.TransactionLogger log
INFO: Heartbeat check successful
Apr 09, 2026 7:20:29 AM hrm.server.TransactionLogger log
INFO: Heartbeat check successful
Apr 09, 2026 7:20:34 AM hrm.server.TransactionLogger log
INFO: Heartbeat check successful
Apr 09, 2026 7:20:39 AM hrm.server.TransactionLogger log
INFO: Heartbeat check successful
Apr 09, 2026 7:20:44 AM hrm.server.TransactionLogger log
INFO: Heartbeat check successful
Apr 09, 2026 7:20:49 AM hrm.server.TransactionLogger log
INFO: Heartbeat check successful
Apr 09, 2026 7:20:54 AM hrm.server.TransactionLogger log
INFO: Heartbeat check successful
Apr 09, 2026 7:20:59 AM hrm.server.TransactionLogger log
INFO: Heartbeat check successful
Apr 09, 2026 7:21:04 AM hrm.server.TransactionLogger log
INFO: Heartbeat check successful
Apr 09, 2026 7:21:09 AM hrm.server.TransactionLogger log
INFO: Heartbeat check successful
Apr 09, 2026 7:21:14 AM hrm.server.TransactionLogger log
INFO: Heartbeat check successful
Apr 09, 2026 7:21:19 AM hrm.server.TransactionLogger log
INFO: Heartbeat check successful
Apr 09, 2026 7:21:24 AM hrm.server.TransactionLogger log
INFO: Heartbeat check successful
Apr 09, 2026 7:21:29 AM hrm.server.TransactionLogger log
INFO: Heartbeat check successful
Apr 09, 2026 7:21:34 AM hrm.server.TransactionLogger log
INFO: Heartbeat check successful
Apr 09, 2026 7:21:39 AM hrm.server.TransactionLogger log
INFO: Heartbeat check successful
Apr 09, 2026 7:21:44 AM hrm.server.TransactionLogger log
INFO: Heartbeat check successful
Apr 09, 2026 7:21:49 AM hrm.server.TransactionLogger log
INFO: Heartbeat check successful
Apr 09, 2026 7:21:54 AM hrm.server.TransactionLogger log
INFO: Heartbeat check successful
Apr 09, 2026 7:21:59 AM hrm.server.TransactionLogger log
INFO: Heartbeat check successful
Apr 09, 2026 7:22:04 AM hrm.server.TransactionLogger log
INFO: Heartbeat check successful
Apr 10, 2026 1:02:27 AM hrm.server.TransactionLogger log
INFO: Server started
Apr 10, 2026 1:02:27 AM hrm.server.TransactionLogger log
INFO: Heartbeat check successful
Apr 10, 2026 1:02:32 AM hrm.server.TransactionLogger log
INFO: Heartbeat check successful
Apr 10, 2026 1:02:36 AM hrm.server.TransactionLogger log
INFO: Client requested Light ON
Apr 10, 2026 1:02:36 AM hrm.server.TransactionLogger log
INFO: Client requested Fan OFF
Apr 10, 2026 1:02:36 AM hrm.server.TransactionLogger log
INFO: Heartbeat received from client
Apr 10, 2026 1:02:37 AM hrm.server.TransactionLogger log
INFO: Heartbeat check successful
Apr 10, 2026 1:02:42 AM hrm.server.TransactionLogger log
INFO: Heartbeat check successful
Apr 10, 2026 1:02:47 AM hrm.server.TransactionLogger log
INFO: Heartbeat check successful
Apr 10, 2026 1:02:52 AM hrm.server.TransactionLogger log
INFO: Heartbeat check successful
Apr 10, 2026 1:02:57 AM hrm.server.TransactionLogger log
INFO: Heartbeat check successful
Apr 10, 2026 1:03:02 AM hrm.server.TransactionLogger log
INFO: Heartbeat check successful
Apr 10, 2026 1:03:07 AM hrm.server.TransactionLogger log
INFO: Heartbeat check successful
Apr 10, 2026 1:03:12 AM hrm.server.TransactionLogger log
INFO: Heartbeat check successful
Apr 10, 2026 1:03:17 AM hrm.server.TransactionLogger log
INFO: Heartbeat check successful
Apr 10, 2026 1:03:22 AM hrm.server.TransactionLogger log
INFO: Heartbeat check successful
Apr 10, 2026 1:03:27 AM hrm.server.TransactionLogger log
INFO: Heartbeat check successful
Apr 10, 2026 1:03:32 AM hrm.server.TransactionLogger log
INFO: Heartbeat check successful
Apr 10, 2026 1:03:37 AM hrm.server.TransactionLogger log
INFO: Heartbeat check successful
Apr 10, 2026 1:03:42 AM hrm.server.TransactionLogger log
INFO: Heartbeat check successful
Apr 10, 2026 1:03:47 AM hrm.server.TransactionLogger log
INFO: Heartbeat check successful
Apr 10, 2026 1:03:52 AM hrm.server.TransactionLogger log
INFO: Heartbeat check successful
Apr 10, 2026 1:03:57 AM hrm.server.TransactionLogger log
INFO: Heartbeat check successful
Apr 10, 2026 1:04:02 AM hrm.server.TransactionLogger log
INFO: Heartbeat check successful
Apr 10, 2026 1:04:07 AM hrm.server.TransactionLogger log
INFO: Heartbeat check successful
Apr 10, 2026 1:04:12 AM hrm.server.TransactionLogger log
INFO: Heartbeat check successful
Apr 10, 2026 1:04:17 AM hrm.server.TransactionLogger log
INFO: Heartbeat check successful
Apr 10, 2026 1:04:22 AM hrm.server.TransactionLogger log
INFO: Heartbeat check successful
Apr 10, 2026 1:04:27 AM hrm.server.TransactionLogger log
INFO: Heartbeat check successful
Apr 10, 2026 1:04:32 AM hrm.server.TransactionLogger log
INFO: Heartbeat check successful
Apr 10, 2026 1:04:37 AM hrm.server.TransactionLogger log
INFO: Heartbeat check successful
Apr 10, 2026 1:04:42 AM hrm.server.TransactionLogger log
INFO: Heartbeat check successful
Apr 10, 2026 1:04:47 AM hrm.server.TransactionLogger log
INFO: Heartbeat check successful
Apr 10, 2026 1:04:52 AM hrm.server.TransactionLogger log
INFO: Heartbeat check successful
Apr 10, 2026 1:04:57 AM hrm.server.TransactionLogger log
INFO: Heartbeat check successful
Apr 10, 2026 1:05:02 AM hrm.server.TransactionLogger log
INFO: Heartbeat check successful
Apr 10, 2026 1:05:07 AM hrm.server.TransactionLogger log
INFO: Heartbeat check successful
Apr 10, 2026 1:05:12 AM hrm.server.TransactionLogger log
INFO: Heartbeat check successful
Apr 10, 2026 1:05:17 AM hrm.server.TransactionLogger log
INFO: Heartbeat check successful
Apr 10, 2026 1:05:22 AM hrm.server.TransactionLogger log
INFO: Heartbeat check successful
Apr 10, 2026 1:05:27 AM hrm.server.TransactionLogger log
INFO: Heartbeat check successful
Apr 10, 2026 1:05:32 AM hrm.server.TransactionLogger log
INFO: Heartbeat check successful
Apr 10, 2026 1:05:37 AM hrm.server.TransactionLogger log
INFO: Heartbeat check successful
Apr 10, 2026 1:05:42 AM hrm.server.TransactionLogger log
INFO: Heartbeat check successful
Apr 10, 2026 1:05:47 AM hrm.server.TransactionLogger log
INFO: Heartbeat check successful
Apr 10, 2026 1:05:52 AM hrm.server.TransactionLogger log
INFO: Heartbeat check successful
Apr 10, 2026 1:05:57 AM hrm.server.TransactionLogger log
INFO: Heartbeat check successful
Apr 10, 2026 1:06:02 AM hrm.server.TransactionLogger log
INFO: Heartbeat check successful
Apr 10, 2026 1:06:07 AM hrm.server.TransactionLogger log
INFO: Heartbeat check successful
Apr 10, 2026 1:06:12 AM hrm.server.TransactionLogger log
INFO: Heartbeat check successful
Apr 10, 2026 1:06:17 AM hrm.server.TransactionLogger log
INFO: Heartbeat check successful
Apr 10, 2026 1:06:22 AM hrm.server.TransactionLogger log
INFO: Heartbeat check successful
Apr 10, 2026 1:06:27 AM hrm.server.TransactionLogger log
INFO: Heartbeat check successful
Apr 10, 2026 1:06:32 AM hrm.server.TransactionLogger log
INFO: Heartbeat check successful
Apr 10, 2026 1:06:37 AM hrm.server.TransactionLogger log
INFO: Heartbeat check successful
Apr 10, 2026 1:06:42 AM hrm.server.TransactionLogger log
INFO: Heartbeat check successful
Apr 10, 2026 1:06:47 AM hrm.server.TransactionLogger log
INFO: Heartbeat check successful
Apr 10, 2026 1:06:52 AM hrm.server.TransactionLogger log
INFO: Heartbeat check successful
Apr 10, 2026 1:06:57 AM hrm.server.TransactionLogger log
INFO: Heartbeat check successful
Apr 10, 2026 1:07:02 AM hrm.server.TransactionLogger log
INFO: Heartbeat check successful
Apr 10, 2026 1:07:07 AM hrm.server.TransactionLogger log
INFO: Heartbeat check successful
Apr 10, 2026 1:07:12 AM hrm.server.TransactionLogger log
INFO: Heartbeat check successful
Apr 10, 2026 1:07:17 AM hrm.server.TransactionLogger log
INFO: Heartbeat check successful
Apr 10, 2026 1:07:22 AM hrm.server.TransactionLogger log
INFO: Heartbeat check successful
Apr 10, 2026 1:07:27 AM hrm.server.TransactionLogger log
INFO: Heartbeat check successful
Apr 10, 2026 1:07:32 AM hrm.server.TransactionLogger log
INFO: Heartbeat check successful
Apr 10, 2026 1:07:37 AM hrm.server.TransactionLogger log
INFO: Heartbeat check successful
Apr 10, 2026 1:07:42 AM hrm.server.TransactionLogger log
INFO: Heartbeat check successful
Apr 10, 2026 1:07:47 AM hrm.server.TransactionLogger log
INFO: Heartbeat check successful
Apr 10, 2026 1:07:52 AM hrm.server.TransactionLogger log
INFO: Heartbeat check successful
Apr 10, 2026 1:07:57 AM hrm.server.TransactionLogger log
INFO: Heartbeat check successful
Apr 10, 2026 1:08:02 AM hrm.server.TransactionLogger log
INFO: Heartbeat check successful
Apr 10, 2026 1:08:07 AM hrm.server.TransactionLogger log
INFO: Heartbeat check successful
Apr 10, 2026 1:08:12 AM hrm.server.TransactionLogger log
INFO: Heartbeat check successful
Apr 10, 2026 1:08:17 AM hrm.server.TransactionLogger log
INFO: Heartbeat check successful
Apr 10, 2026 1:08:22 AM hrm.server.TransactionLogger log
INFO: Heartbeat check successful
Apr 10, 2026 1:08:27 AM hrm.server.TransactionLogger log
INFO: Heartbeat check successful
Apr 10, 2026 1:08:32 AM hrm.server.TransactionLogger log
INFO: Heartbeat check successful
Apr 10, 2026 1:08:37 AM hrm.server.TransactionLogger log
INFO: Heartbeat check successful
Apr 10, 2026 1:08:42 AM hrm.server.TransactionLogger log
INFO: Heartbeat check successful
Apr 10, 2026 1:08:47 AM hrm.server.TransactionLogger log
INFO: Heartbeat check successful
Apr 10, 2026 1:08:52 AM hrm.server.TransactionLogger log
INFO: Heartbeat check successful
Apr 10, 2026 1:08:57 AM hrm.server.TransactionLogger log
INFO: Heartbeat check successful
Apr 10, 2026 1:09:02 AM hrm.server.TransactionLogger log
INFO: Heartbeat check successful
Apr 10, 2026 1:09:07 AM hrm.server.TransactionLogger log
INFO: Heartbeat check successful
Apr 10, 2026 1:09:12 AM hrm.server.TransactionLogger log
INFO: Heartbeat check successful
Apr 10, 2026 1:09:17 AM hrm.server.TransactionLogger log
INFO: Heartbeat check successful
Apr 10, 2026 1:09:22 AM hrm.server.TransactionLogger log
INFO: Heartbeat check successful
Apr 10, 2026 1:09:27 AM hrm.server.TransactionLogger log
INFO: Heartbeat check successful
Apr 10, 2026 1:09:32 AM hrm.server.TransactionLogger log
INFO: Heartbeat check successful
Apr 10, 2026 1:09:37 AM hrm.server.TransactionLogger log
INFO: Heartbeat check successful
Apr 10, 2026 1:09:42 AM hrm.server.TransactionLogger log
INFO: Heartbeat check successful
Apr 10, 2026 1:09:47 AM hrm.server.TransactionLogger log
INFO: Heartbeat check successful
Apr 10, 2026 1:09:52 AM hrm.server.TransactionLogger log
INFO: Heartbeat check successful
Apr 10, 2026 1:09:57 AM hrm.server.TransactionLogger log
INFO: Heartbeat check successful
Apr 10, 2026 1:10:02 AM hrm.server.TransactionLogger log
INFO: Heartbeat check successful
Apr 10, 2026 1:10:07 AM hrm.server.TransactionLogger log
INFO: Heartbeat check successful
Apr 10, 2026 1:10:12 AM hrm.server.TransactionLogger log
INFO: Heartbeat check successful
Apr 10, 2026 1:10:17 AM hrm.server.TransactionLogger log
INFO: Heartbeat check successful
Apr 10, 2026 1:10:22 AM hrm.server.TransactionLogger log
INFO: Heartbeat check successful
Apr 10, 2026 1:10:27 AM hrm.server.TransactionLogger log
INFO: Heartbeat check successful
Apr 10, 2026 1:10:32 AM hrm.server.TransactionLogger log
INFO: Heartbeat check successful
Apr 10, 2026 1:10:37 AM hrm.server.TransactionLogger log
INFO: Heartbeat check successful
Apr 10, 2026 1:10:42 AM hrm.server.TransactionLogger log
INFO: Heartbeat check successful
Apr 10, 2026 1:10:47 AM hrm.server.TransactionLogger log
INFO: Heartbeat check successful
Apr 10, 2026 1:10:52 AM hrm.server.TransactionLogger log
INFO: Heartbeat check successful
Apr 10, 2026 1:10:57 AM hrm.server.TransactionLogger log
INFO: Heartbeat check successful
Apr 10, 2026 1:11:02 AM hrm.server.TransactionLogger log
INFO: Heartbeat check successful
Apr 10, 2026 1:11:07 AM hrm.server.TransactionLogger log
INFO: Heartbeat check successful
Apr 10, 2026 1:11:12 AM hrm.server.TransactionLogger log
INFO: Heartbeat check successful
Apr 10, 2026 1:11:17 AM hrm.server.TransactionLogger log
INFO: Heartbeat check successful
Apr 10, 2026 1:11:22 AM hrm.server.TransactionLogger log
INFO: Heartbeat check successful
Apr 10, 2026 1:11:27 AM hrm.server.TransactionLogger log
INFO: Heartbeat check successful
Apr 10, 2026 1:11:32 AM hrm.server.TransactionLogger log
INFO: Heartbeat check successful
Apr 10, 2026 1:11:37 AM hrm.server.TransactionLogger log
INFO: Heartbeat check successful
Apr 10, 2026 1:11:42 AM hrm.server.TransactionLogger log
INFO: Heartbeat check successful
Apr 10, 2026 1:11:47 AM hrm.server.TransactionLogger log
INFO: Heartbeat check successful
Apr 10, 2026 1:11:52 AM hrm.server.TransactionLogger log
INFO: Heartbeat check successful
Apr 10, 2026 1:11:57 AM hrm.server.TransactionLogger log
INFO: Heartbeat check successful
Apr 10, 2026 1:12:02 AM hrm.server.TransactionLogger log
INFO: Heartbeat check successful
Apr 10, 2026 1:12:07 AM hrm.server.TransactionLogger log
INFO: Heartbeat check successful
Apr 10, 2026 1:12:12 AM hrm.server.TransactionLogger log
INFO: Heartbeat check successful
Apr 10, 2026 1:12:17 AM hrm.server.TransactionLogger log
INFO: Heartbeat check successful
Apr 10, 2026 1:12:22 AM hrm.server.TransactionLogger log
INFO: Heartbeat check successful
Apr 10, 2026 1:12:27 AM hrm.server.TransactionLogger log
INFO: Heartbeat check successful
Apr 10, 2026 1:12:32 AM hrm.server.TransactionLogger log
INFO: Heartbeat check successful
Apr 10, 2026 1:12:37 AM hrm.server.TransactionLogger log
INFO: Heartbeat check successful
Apr 10, 2026 1:12:42 AM hrm.server.TransactionLogger log
INFO: Heartbeat check successful
Apr 10, 2026 1:12:47 AM hrm.server.TransactionLogger log
INFO: Heartbeat check successful
Apr 10, 2026 1:12:52 AM hrm.server.TransactionLogger log
INFO: Heartbeat check successful
Apr 10, 2026 1:12:57 AM hrm.server.TransactionLogger log
INFO: Heartbeat check successful
Apr 10, 2026 1:13:02 AM hrm.server.TransactionLogger log
INFO: Heartbeat check successful
Apr 10, 2026 1:13:07 AM hrm.server.TransactionLogger log
INFO: Heartbeat check successful
Apr 10, 2026 1:13:12 AM hrm.server.TransactionLogger log
INFO: Heartbeat check successful
